This file contains any messages produced by compilers while
running configure, to aid debugging if configure makes a mistake.

It was created by libserver configure 1.5, which was
generated by GNU Autoconf 2.59.  Invocation command line was

  $ ./configure 

## --------- ##
## Platform. ##
## --------- ##

hostname = game.mysohu.com
uname -m = i686
uname -r = 2.6.9-42.ELsmp
uname -s = Linux
uname -v = #1 SMP Sat Aug 12 09:39:11 CDT 2006

/usr/bin/uname -p = unknown
/bin/uname -X     = unknown

/bin/arch              = i686
/usr/bin/arch -k       = unknown
/usr/convex/getsysinfo = unknown
hostinfo               = unknown
/bin/machine           = unknown
/usr/bin/oslevel       = unknown
/bin/universe          = unknown

PATH: /usr/kerberos/sbin
PATH: /usr/kerberos/bin
PATH: /usr/local/bin
PATH: /bin
PATH: /usr/bin
PATH: /usr/X11R6/bin
PATH: /home/songjian/bin


## ----------- ##
## Core tests. ##
## ----------- ##

configure:1360: checking build system type
configure:1378: result: i686-pc-linux-gnu
configure:1386: checking host system type
configure:1400: result: i686-pc-linux-gnu
configure:1408: checking target system type
configure:1422: result: i686-pc-linux-gnu
configure:1451: checking for a BSD-compatible install
configure:1506: result: /usr/bin/install -c
configure:1517: checking whether build environment is sane
configure:1560: result: yes
configure:1625: checking for gawk
configure:1641: found /bin/gawk
configure:1651: result: gawk
configure:1661: checking whether make sets $(MAKE)
configure:1681: result: yes
configure:1898: checking for gcc
configure:1914: found /usr/bin/gcc
configure:1924: result: gcc
configure:2168: checking for C compiler version
configure:2171: gcc --version </dev/null >&5
gcc (GCC) 3.4.6 20060404 (Red Hat 3.4.6-3)
Copyright (C) 2006 Free Software Foundation, Inc.
This is free software; see the source for copying conditions.  There is NO
warranty; not even for MERCHANTABILITY or FITNESS FOR A PARTICULAR PURPOSE.

configure:2174: $? = 0
configure:2176: gcc -v </dev/null >&5
Reading specs from /usr/lib/gcc/i386-redhat-linux/3.4.6/specs
Configured with: ../configure --prefix=/usr --mandir=/usr/share/man --infodir=/usr/share/info --enable-shared --enable-threads=posix --disable-checking --with-system-zlib --enable-__cxa_atexit --disable-libunwind-exceptions --enable-java-awt=gtk --host=i386-redhat-linux
Thread model: posix
gcc version 3.4.6 20060404 (Red Hat 3.4.6-3)
configure:2179: $? = 0
configure:2181: gcc -V </dev/null >&5
gcc: `-V' option must have argument
configure:2184: $? = 1
configure:2207: checking for C compiler default output file name
configure:2210: gcc    conftest.c  >&5
configure:2213: $? = 0
configure:2259: result: a.out
configure:2264: checking whether the C compiler works
configure:2270: ./a.out
configure:2273: $? = 0
configure:2290: result: yes
configure:2297: checking whether we are cross compiling
configure:2299: result: no
configure:2302: checking for suffix of executables
configure:2304: gcc -o conftest    conftest.c  >&5
configure:2307: $? = 0
configure:2332: result: 
configure:2338: checking for suffix of object files
configure:2359: gcc -c   conftest.c >&5
configure:2362: $? = 0
configure:2384: result: o
configure:2388: checking whether we are using the GNU C compiler
configure:2412: gcc -c   conftest.c >&5
configure:2418: $? = 0
configure:2422: test -z 
			 || test ! -s conftest.err
configure:2425: $? = 0
configure:2428: test -s conftest.o
configure:2431: $? = 0
configure:2444: result: yes
configure:2450: checking whether gcc accepts -g
configure:2471: gcc -c -g  conftest.c >&5
configure:2477: $? = 0
configure:2481: test -z 
			 || test ! -s conftest.err
configure:2484: $? = 0
configure:2487: test -s conftest.o
configure:2490: $? = 0
configure:2501: result: yes
configure:2518: checking for gcc option to accept ANSI C
configure:2588: gcc  -c -g -O2  conftest.c >&5
configure:2594: $? = 0
configure:2598: test -z 
			 || test ! -s conftest.err
configure:2601: $? = 0
configure:2604: test -s conftest.o
configure:2607: $? = 0
configure:2625: result: none needed
configure:2643: gcc -c -g -O2  conftest.c >&5
conftest.c:2: error: syntax error before "me"
configure:2649: $? = 1
configure: failed program was:
| #ifndef __cplusplus
|   choke me
| #endif
configure:2793: checking for style of include used by make
configure:2821: result: GNU
configure:2849: checking dependency style of gcc
configure:2939: result: gcc3
configure:2965: checking how to run the C preprocessor
configure:3000: gcc -E  conftest.c
configure:3006: $? = 0
configure:3038: gcc -E  conftest.c
conftest.c:11:28: ac_nonexistent.h: No such file or directory
configure:3044: $? = 1
configure: failed program was:
| /* confdefs.h.  */
| 
| #define PACKAGE_NAME "libserver"
| #define PACKAGE_TARNAME "libserver"
| #define PACKAGE_VERSION "1.5"
| #define PACKAGE_STRING "libserver 1.5"
| #define PACKAGE_BUGREPORT "kyosold@gmail.com"
| #define PACKAGE "libserver"
| #define VERSION "1.5"
| /* end confdefs.h.  */
| #include <ac_nonexistent.h>
configure:3083: result: gcc -E
configure:3107: gcc -E  conftest.c
configure:3113: $? = 0
configure:3145: gcc -E  conftest.c
conftest.c:11:28: ac_nonexistent.h: No such file or directory
configure:3151: $? = 1
configure: failed program was:
| /* confdefs.h.  */
| 
| #define PACKAGE_NAME "libserver"
| #define PACKAGE_TARNAME "libserver"
| #define PACKAGE_VERSION "1.5"
| #define PACKAGE_STRING "libserver 1.5"
| #define PACKAGE_BUGREPORT "kyosold@gmail.com"
| #define PACKAGE "libserver"
| #define VERSION "1.5"
| /* end confdefs.h.  */
| #include <ac_nonexistent.h>
configure:3195: checking for egrep
configure:3205: result: grep -E
configure:3212: checking for icc in use
configure:3225: result: no
configure:3247: checking for Sun cc in use
configure:3278: gcc -o conftest -g -O2   conftest.c  >&5
configure:3281: $? = 0
configure:3283: ./conftest
configure:3286: $? = 1
configure: program exited with status 1
configure: failed program was:
| /* confdefs.h.  */
| 
| #define PACKAGE_NAME "libserver"
| #define PACKAGE_TARNAME "libserver"
| #define PACKAGE_VERSION "1.5"
| #define PACKAGE_STRING "libserver 1.5"
| #define PACKAGE_BUGREPORT "kyosold@gmail.com"
| #define PACKAGE "libserver"
| #define VERSION "1.5"
| /* end confdefs.h.  */
| 
| int
| main ()
| {
| #ifdef __SUNPRO_C
|    return 0;
| #else
|    return 1;
| #endif
| 
|   ;
|   return 0;
| }
| 
configure:3301: result: no
configure:3311: checking for gcc option to accept ISO C99
configure:3465: gcc  -c -g -O2  conftest.c >&5
conftest.c:61: error: syntax error before "text"
conftest.c: In function `test_restrict':
conftest.c:66: error: 'for' loop initial declaration used outside C99 mode
conftest.c:66: error: `text' undeclared (first use in this function)
conftest.c:66: error: (Each undeclared identifier is reported only once
conftest.c:66: error: for each function it appears in.)
conftest.c: In function `main':
conftest.c:115: error: syntax error before "newvar"
conftest.c:125: error: 'for' loop initial declaration used outside C99 mode
conftest.c:141: error: `newvar' undeclared (first use in this function)
configure:3471: $? = 1
configure: failed program was:
| /* confdefs.h.  */
| 
| #define PACKAGE_NAME "libserver"
| #define PACKAGE_TARNAME "libserver"
| #define PACKAGE_VERSION "1.5"
| #define PACKAGE_STRING "libserver 1.5"
| #define PACKAGE_BUGREPORT "kyosold@gmail.com"
| #define PACKAGE "libserver"
| #define VERSION "1.5"
| /* end confdefs.h.  */
| #include <stdarg.h>
| #include <stdbool.h>
| #include <stdlib.h>
| #include <wchar.h>
| #include <stdio.h>
| 
| // Check varargs macros.  These examples are taken from C99 6.10.3.5.
| #define debug(...) fprintf (stderr, __VA_ARGS__)
| #define showlist(...) puts (#__VA_ARGS__)
| #define report(test,...) ((test) ? puts (#test) : printf (__VA_ARGS__))
| static void
| test_varargs_macros (void)
| {
|   int x = 1234;
|   int y = 5678;
|   debug ("Flag");
|   debug ("X = %d\n", x);
|   showlist (The first, second, and third items.);
|   report (x>y, "x is %d but y is %d", x, y);
| }
| 
| // Check long long types.
| #define BIG64 18446744073709551615ull
| #define BIG32 4294967295ul
| #define BIG_OK (BIG64 / BIG32 == 4294967297ull && BIG64 % BIG32 == 0)
| #if !BIG_OK
|   your preprocessor is broken;
| #endif
| #if BIG_OK
| #else
|   your preprocessor is broken;
| #endif
| static long long int bignum = -9223372036854775807LL;
| static unsigned long long int ubignum = BIG64;
| 
| struct incomplete_array
| {
|   int datasize;
|   double data[];
| };
| 
| struct named_init {
|   int number;
|   const wchar_t *name;
|   double average;
| };
| 
| typedef const char *ccp;
| 
| static inline int
| test_restrict (ccp restrict text)
| {
|   // See if C++-style comments work.
|   // Iterate through items via the restricted pointer.
|   // Also check for declarations in for loops.
|   for (unsigned int i = 0; *(text+i) != '\0'; ++i)
|     continue;
|   return 0;
| }
| 
| // Check varargs and va_copy.
| static void
| test_varargs (const char *format, ...)
| {
|   va_list args;
|   va_start (args, format);
|   va_list args_copy;
|   va_copy (args_copy, args);
| 
|   const char *str;
|   int number;
|   float fnumber;
| 
|   while (*format)
|     {
|       switch (*format++)
| 	{
| 	case 's': // string
| 	  str = va_arg (args_copy, const char *);
| 	  break;
| 	case 'd': // int
| 	  number = va_arg (args_copy, int);
| 	  break;
| 	case 'f': // float
| 	  fnumber = va_arg (args_copy, double);
| 	  break;
| 	default:
| 	  break;
| 	}
|     }
|   va_end (args_copy);
|   va_end (args);
| }
| 
| int
| main ()
| {
| 
|   // Check bool.
|   _Bool success = false;
| 
|   // Check restrict.
|   if (test_restrict ("String literal") == 0)
|     success = true;
|   char *restrict newvar = "Another string";
| 
|   // Check varargs.
|   test_varargs ("s, d' f .", "string", 65, 34.234);
|   test_varargs_macros ();
| 
|   // Check flexible array members.
|   struct incomplete_array *ia =
|     malloc (sizeof (struct incomplete_array) + (sizeof (double) * 10));
|   ia->datasize = 10;
|   for (int i = 0; i < ia->datasize; ++i)
|     ia->data[i] = i * 1.234;
| 
|   // Check named initializers.
|   struct named_init ni = {
|     .number = 34,
|     .name = L"Test wide string",
|     .average = 543.34343,
|   };
| 
|   ni.number = 58;
| 
|   int dynamic_array[ni.number];
|   dynamic_array[ni.number - 1] = 543;
| 
|   // work around unused variable warnings
|   return (!success || bignum == 0LL || ubignum == 0uLL || newvar[0] == 'x'
| 	  || dynamic_array[ni.number - 1] != 543);
| 
|   ;
|   return 0;
| }
configure:3465: gcc -std=gnu99 -c -g -O2  conftest.c >&5
configure:3471: $? = 0
configure:3475: test -z 
			 || test ! -s conftest.err
configure:3478: $? = 0
configure:3481: test -s conftest.o
configure:3484: $? = 0
configure:3509: result: -std=gnu99
configure:3517: checking whether gcc -std=gnu99 and cc understand -c and -o together
configure:3547: gcc -std=gnu99 -c conftest.c -o conftest.o >&5
configure:3550: $? = 0
configure:3552: gcc -std=gnu99 -c conftest.c -o conftest.o >&5
configure:3555: $? = 0
configure:3562: cc -c conftest.c >&5
configure:3565: $? = 0
configure:3568: cc -c conftest.c -o conftest.o >&5
configure:3571: $? = 0
configure:3573: cc -c conftest.c -o conftest.o >&5
configure:3576: $? = 0
configure:3594: result: yes
configure:3632: checking for a BSD-compatible install
configure:3687: result: /usr/bin/install -c
configure:3719: checking for ANSI C header files
configure:3744: gcc -std=gnu99 -c -g -O2  conftest.c >&5
configure:3750: $? = 0
configure:3754: test -z 
			 || test ! -s conftest.err
configure:3757: $? = 0
configure:3760: test -s conftest.o
configure:3763: $? = 0
configure:3852: gcc -std=gnu99 -o conftest -g -O2   conftest.c  >&5
conftest.c: In function `main':
conftest.c:28: warning: implicit declaration of function `exit'
configure:3855: $? = 0
configure:3857: ./conftest
configure:3860: $? = 0
configure:3875: result: yes
configure:3899: checking for sys/types.h
configure:3915: gcc -std=gnu99 -c -g -O2  conftest.c >&5
configure:3921: $? = 0
configure:3925: test -z 
			 || test ! -s conftest.err
configure:3928: $? = 0
configure:3931: test -s conftest.o
configure:3934: $? = 0
configure:3945: result: yes
configure:3899: checking for sys/stat.h
configure:3915: gcc -std=gnu99 -c -g -O2  conftest.c >&5
configure:3921: $? = 0
configure:3925: test -z 
			 || test ! -s conftest.err
configure:3928: $? = 0
configure:3931: test -s conftest.o
configure:3934: $? = 0
configure:3945: result: yes
configure:3899: checking for stdlib.h
configure:3915: gcc -std=gnu99 -c -g -O2  conftest.c >&5
configure:3921: $? = 0
configure:3925: test -z 
			 || test ! -s conftest.err
configure:3928: $? = 0
configure:3931: test -s conftest.o
configure:3934: $? = 0
configure:3945: result: yes
configure:3899: checking for string.h
configure:3915: gcc -std=gnu99 -c -g -O2  conftest.c >&5
configure:3921: $? = 0
configure:3925: test -z 
			 || test ! -s conftest.err
configure:3928: $? = 0
configure:3931: test -s conftest.o
configure:3934: $? = 0
configure:3945: result: yes
configure:3899: checking for memory.h
configure:3915: gcc -std=gnu99 -c -g -O2  conftest.c >&5
configure:3921: $? = 0
configure:3925: test -z 
			 || test ! -s conftest.err
configure:3928: $? = 0
configure:3931: test -s conftest.o
configure:3934: $? = 0
configure:3945: result: yes
configure:3899: checking for strings.h
configure:3915: gcc -std=gnu99 -c -g -O2  conftest.c >&5
configure:3921: $? = 0
configure:3925: test -z 
			 || test ! -s conftest.err
configure:3928: $? = 0
configure:3931: test -s conftest.o
configure:3934: $? = 0
configure:3945: result: yes
configure:3899: checking for inttypes.h
configure:3915: gcc -std=gnu99 -c -g -O2  conftest.c >&5
configure:3921: $? = 0
configure:3925: test -z 
			 || test ! -s conftest.err
configure:3928: $? = 0
configure:3931: test -s conftest.o
configure:3934: $? = 0
configure:3945: result: yes
configure:3899: checking for stdint.h
configure:3915: gcc -std=gnu99 -c -g -O2  conftest.c >&5
configure:3921: $? = 0
configure:3925: test -z 
			 || test ! -s conftest.err
configure:3928: $? = 0
configure:3931: test -s conftest.o
configure:3934: $? = 0
configure:3945: result: yes
configure:3899: checking for unistd.h
configure:3915: gcc -std=gnu99 -c -g -O2  conftest.c >&5
configure:3921: $? = 0
configure:3925: test -z 
			 || test ! -s conftest.err
configure:3928: $? = 0
configure:3931: test -s conftest.o
configure:3934: $? = 0
configure:3945: result: yes
configure:3971: checking sasl/sasl.h usability
configure:3983: gcc -std=gnu99 -c -g -O2  conftest.c >&5
configure:3989: $? = 0
configure:3993: test -z 
			 || test ! -s conftest.err
configure:3996: $? = 0
configure:3999: test -s conftest.o
configure:4002: $? = 0
configure:4012: result: yes
configure:4016: checking sasl/sasl.h presence
configure:4026: gcc -E  conftest.c
configure:4032: $? = 0
configure:4052: result: yes
configure:4087: checking for sasl/sasl.h
configure:4094: result: yes
configure:4449: checking for gcov
configure:4467: found /usr/bin/gcov
configure:4480: result: /usr/bin/gcov
configure:4489: checking for main in -lgcov
configure:4513: gcc -std=gnu99 -o conftest -g -O2 -pthread   conftest.c -lgcov   >&5
configure:4519: $? = 0
configure:4523: test -z 
			 || test ! -s conftest.err
configure:4526: $? = 0
configure:4529: test -s conftest
configure:4532: $? = 0
configure:4545: result: yes
configure:4689: checking for libevent directory
configure:4738: gcc -std=gnu99 -o conftest -g -O2 -pthread   conftest.c  -levent >&5
configure:4744: $? = 0
configure:4748: test -z 
			 || test ! -s conftest.err
configure:4751: $? = 0
configure:4754: test -s conftest
configure:4757: $? = 0
configure:4794: result: (system)
configure:4813: checking for library containing socket
configure:4843: gcc -std=gnu99 -o conftest -g -O2 -pthread   conftest.c  -levent >&5
configure:4849: $? = 0
configure:4853: test -z 
			 || test ! -s conftest.err
configure:4856: $? = 0
configure:4859: test -s conftest
configure:4862: $? = 0
configure:4932: result: none required
configure:4939: checking for library containing gethostbyname
configure:4969: gcc -std=gnu99 -o conftest -g -O2 -pthread   conftest.c  -levent >&5
configure:4975: $? = 0
configure:4979: test -z 
			 || test ! -s conftest.err
configure:4982: $? = 0
configure:4985: test -s conftest
configure:4988: $? = 0
configure:5058: result: none required
configure:5065: checking for library containing umem_cache_create
configure:5095: gcc -std=gnu99 -o conftest -g -O2 -pthread   conftest.c  -levent >&5
/tmp/cccPIB2T.o(.text+0xd): In function `main':
/home/songjian/code/libserver-2.0/conftest.c:33: undefined reference to `umem_cache_create'
collect2: ld returned 1 exit status
configure:5101: $? = 1
configure: failed program was:
| /* confdefs.h.  */
| 
| #define PACKAGE_NAME "libserver"
| #define PACKAGE_TARNAME "libserver"
| #define PACKAGE_VERSION "1.5"
| #define PACKAGE_STRING "libserver 1.5"
| #define PACKAGE_BUGREPORT "kyosold@gmail.com"
| #define PACKAGE "libserver"
| #define VERSION "1.5"
| #define STDC_HEADERS 1
| #define HAVE_SYS_TYPES_H 1
| #define HAVE_SYS_STAT_H 1
| #define HAVE_STDLIB_H 1
| #define HAVE_STRING_H 1
| #define HAVE_MEMORY_H 1
| #define HAVE_STRINGS_H 1
| #define HAVE_INTTYPES_H 1
| #define HAVE_STDINT_H 1
| #define HAVE_UNISTD_H 1
| #define HAVE_SASL_SASL_H 1
| /* end confdefs.h.  */
| 
| /* Override any gcc2 internal prototype to avoid an error.  */
| #ifdef __cplusplus
| extern "C"
| #endif
| /* We use char because int might match the return type of a gcc2
|    builtin and then its argument prototype would still apply.  */
| char umem_cache_create ();
| int
| main ()
| {
| umem_cache_create ();
|   ;
|   return 0;
| }
configure:5150: gcc -std=gnu99 -o conftest -g -O2 -pthread   conftest.c -lumem   -levent >&5
/usr/bin/ld: cannot find -lumem
collect2: ld returned 1 exit status
configure:5156: $? = 1
configure: failed program was:
| /* confdefs.h.  */
| 
| #define PACKAGE_NAME "libserver"
| #define PACKAGE_TARNAME "libserver"
| #define PACKAGE_VERSION "1.5"
| #define PACKAGE_STRING "libserver 1.5"
| #define PACKAGE_BUGREPORT "kyosold@gmail.com"
| #define PACKAGE "libserver"
| #define VERSION "1.5"
| #define STDC_HEADERS 1
| #define HAVE_SYS_TYPES_H 1
| #define HAVE_SYS_STAT_H 1
| #define HAVE_STDLIB_H 1
| #define HAVE_STRING_H 1
| #define HAVE_MEMORY_H 1
| #define HAVE_STRINGS_H 1
| #define HAVE_INTTYPES_H 1
| #define HAVE_STDINT_H 1
| #define HAVE_UNISTD_H 1
| #define HAVE_SASL_SASL_H 1
| /* end confdefs.h.  */
| 
| /* Override any gcc2 internal prototype to avoid an error.  */
| #ifdef __cplusplus
| extern "C"
| #endif
| /* We use char because int might match the return type of a gcc2
|    builtin and then its argument prototype would still apply.  */
| char umem_cache_create ();
| int
| main ()
| {
| umem_cache_create ();
|   ;
|   return 0;
| }
configure:5184: result: no
configure:5191: checking for library containing gethugepagesizes
configure:5221: gcc -std=gnu99 -o conftest -g -O2 -pthread   conftest.c  -levent >&5
/tmp/ccQjnkH5.o(.text+0xd): In function `main':
/home/songjian/code/libserver-2.0/conftest.c:33: undefined reference to `gethugepagesizes'
collect2: ld returned 1 exit status
configure:5227: $? = 1
configure: failed program was:
| /* confdefs.h.  */
| 
| #define PACKAGE_NAME "libserver"
| #define PACKAGE_TARNAME "libserver"
| #define PACKAGE_VERSION "1.5"
| #define PACKAGE_STRING "libserver 1.5"
| #define PACKAGE_BUGREPORT "kyosold@gmail.com"
| #define PACKAGE "libserver"
| #define VERSION "1.5"
| #define STDC_HEADERS 1
| #define HAVE_SYS_TYPES_H 1
| #define HAVE_SYS_STAT_H 1
| #define HAVE_STDLIB_H 1
| #define HAVE_STRING_H 1
| #define HAVE_MEMORY_H 1
| #define HAVE_STRINGS_H 1
| #define HAVE_INTTYPES_H 1
| #define HAVE_STDINT_H 1
| #define HAVE_UNISTD_H 1
| #define HAVE_SASL_SASL_H 1
| /* end confdefs.h.  */
| 
| /* Override any gcc2 internal prototype to avoid an error.  */
| #ifdef __cplusplus
| extern "C"
| #endif
| /* We use char because int might match the return type of a gcc2
|    builtin and then its argument prototype would still apply.  */
| char gethugepagesizes ();
| int
| main ()
| {
| gethugepagesizes ();
|   ;
|   return 0;
| }
configure:5276: gcc -std=gnu99 -o conftest -g -O2 -pthread   conftest.c -lhugetlbfs   -levent >&5
/usr/bin/ld: cannot find -lhugetlbfs
collect2: ld returned 1 exit status
configure:5282: $? = 1
configure: failed program was:
| /* confdefs.h.  */
| 
| #define PACKAGE_NAME "libserver"
| #define PACKAGE_TARNAME "libserver"
| #define PACKAGE_VERSION "1.5"
| #define PACKAGE_STRING "libserver 1.5"
| #define PACKAGE_BUGREPORT "kyosold@gmail.com"
| #define PACKAGE "libserver"
| #define VERSION "1.5"
| #define STDC_HEADERS 1
| #define HAVE_SYS_TYPES_H 1
| #define HAVE_SYS_STAT_H 1
| #define HAVE_STDLIB_H 1
| #define HAVE_STRING_H 1
| #define HAVE_MEMORY_H 1
| #define HAVE_STRINGS_H 1
| #define HAVE_INTTYPES_H 1
| #define HAVE_STDINT_H 1
| #define HAVE_UNISTD_H 1
| #define HAVE_SASL_SASL_H 1
| /* end confdefs.h.  */
| 
| /* Override any gcc2 internal prototype to avoid an error.  */
| #ifdef __cplusplus
| extern "C"
| #endif
| /* We use char because int might match the return type of a gcc2
|    builtin and then its argument prototype would still apply.  */
| char gethugepagesizes ();
| int
| main ()
| {
| gethugepagesizes ();
|   ;
|   return 0;
| }
configure:5310: result: no
configure:5318: checking for stdbool.h that conforms to C99
configure:5371: gcc -std=gnu99 -c -g -O2 -pthread  conftest.c >&5
configure:5377: $? = 0
configure:5381: test -z 
			 || test ! -s conftest.err
configure:5384: $? = 0
configure:5387: test -s conftest.o
configure:5390: $? = 0
configure:5401: result: yes
configure:5403: checking for _Bool
configure:5427: gcc -std=gnu99 -c -g -O2 -pthread  conftest.c >&5
configure:5433: $? = 0
configure:5437: test -z 
			 || test ! -s conftest.err
configure:5440: $? = 0
configure:5443: test -s conftest.o
configure:5446: $? = 0
configure:5457: result: yes
configure:5484: checking for inttypes.h
configure:5489: result: yes
configure:5635: checking for print macros for integers (C99 section 7.8.1)
configure:5664: gcc -std=gnu99 -c -g -O2 -pthread  conftest.c >&5
configure:5670: $? = 0
configure:5674: test -z 
			 || test ! -s conftest.err
configure:5677: $? = 0
configure:5680: test -s conftest.o
configure:5683: $? = 0
configure:5695: result: yes
configure:5712: checking for an ANSI C-conforming const
configure:5779: gcc -std=gnu99 -c -g -O2 -pthread  conftest.c >&5
configure:5785: $? = 0
configure:5789: test -z 
			 || test ! -s conftest.err
configure:5792: $? = 0
configure:5795: test -s conftest.o
configure:5798: $? = 0
configure:5809: result: yes
configure:5822: checking for socklen_t
configure:5849: gcc -std=gnu99 -c -g -O2 -pthread  conftest.c >&5
configure:5855: $? = 0
configure:5859: test -z 
			 || test ! -s conftest.err
configure:5862: $? = 0
configure:5865: test -s conftest.o
configure:5868: $? = 0
configure:5884: result: yes
configure:5897: checking for endianness
configure:5930: gcc -std=gnu99 -o conftest -g -O2 -pthread   conftest.c  -levent >&5
conftest.c: In function `main':
conftest.c:31: warning: implicit declaration of function `exit'
configure:5933: $? = 0
configure:5935: ./conftest
configure:5938: $? = 1
configure: program exited with status 1
configure: failed program was:
| /* confdefs.h.  */
| 
| #define PACKAGE_NAME "libserver"
| #define PACKAGE_TARNAME "libserver"
| #define PACKAGE_VERSION "1.5"
| #define PACKAGE_STRING "libserver 1.5"
| #define PACKAGE_BUGREPORT "kyosold@gmail.com"
| #define PACKAGE "libserver"
| #define VERSION "1.5"
| #define STDC_HEADERS 1
| #define HAVE_SYS_TYPES_H 1
| #define HAVE_SYS_STAT_H 1
| #define HAVE_STDLIB_H 1
| #define HAVE_STRING_H 1
| #define HAVE_MEMORY_H 1
| #define HAVE_STRINGS_H 1
| #define HAVE_INTTYPES_H 1
| #define HAVE_STDINT_H 1
| #define HAVE_UNISTD_H 1
| #define HAVE_SASL_SASL_H 1
| #define HAVE__BOOL 1
| #define HAVE_STDBOOL_H 1
| #define HAVE_INTTYPES_H 1
| /* end confdefs.h.  */
| 
| int
| main ()
| {
|         long val = 1;
|         char *c = (char *) &val;
|         exit(*c == 1);
| 
|   ;
|   return 0;
| }
| 
configure:5957: result: little
configure:5978: checking for htonll
configure:6014: gcc -std=gnu99 -o conftest -g -O2 -pthread   conftest.c  -levent >&5
conftest.c:31:23: warning: extra tokens at end of #include directive
conftest.c: In function `main':
conftest.c:38: warning: implicit declaration of function `htonll'
/tmp/ccuKKqQ2.o(.text+0xf): In function `main':
/home/songjian/code/libserver-2.0/conftest.c:38: undefined reference to `htonll'
collect2: ld returned 1 exit status
configure:6017: $? = 1
configure: program exited with status 1
configure: failed program was:
| 
|        /* confdefs.h.  */
| 
| #define PACKAGE_NAME "libserver"
| #define PACKAGE_TARNAME "libserver"
| #define PACKAGE_VERSION "1.5"
| #define PACKAGE_STRING "libserver 1.5"
| #define PACKAGE_BUGREPORT "kyosold@gmail.com"
| #define PACKAGE "libserver"
| #define VERSION "1.5"
| #define STDC_HEADERS 1
| #define HAVE_SYS_TYPES_H 1
| #define HAVE_SYS_STAT_H 1
| #define HAVE_STDLIB_H 1
| #define HAVE_STRING_H 1
| #define HAVE_MEMORY_H 1
| #define HAVE_STRINGS_H 1
| #define HAVE_INTTYPES_H 1
| #define HAVE_STDINT_H 1
| #define HAVE_UNISTD_H 1
| #define HAVE_SASL_SASL_H 1
| #define HAVE__BOOL 1
| #define HAVE_STDBOOL_H 1
| #define HAVE_INTTYPES_H 1
| #define ENDIAN_LITTLE 1
| /* end confdefs.h.  */
| 
| #include <sys/types.h>
| #include <netinet/in.h>
| #ifdef HAVE_INTTYPES_H
| #include <inttypes.h> */
| #endif
| 
| int
| main ()
| {
| 
|           return htonll(0);
| 
|   ;
|   return 0;
| }
| 
configure:6041: result: no
configure:6045: checking for library containing pthread_create
configure:6075: gcc -std=gnu99 -o conftest -g -O2 -pthread   conftest.c  -levent >&5
configure:6081: $? = 0
configure:6085: test -z 
			 || test ! -s conftest.err
configure:6088: $? = 0
configure:6091: test -s conftest
configure:6094: $? = 0
configure:6164: result: none required
configure:6181: checking for mlockall
configure:6238: gcc -std=gnu99 -o conftest -g -O2 -pthread   conftest.c  -levent >&5
configure:6244: $? = 0
configure:6248: test -z 
			 || test ! -s conftest.err
configure:6251: $? = 0
configure:6254: test -s conftest
configure:6257: $? = 0
configure:6269: result: yes
configure:6283: checking for getpagesizes
configure:6340: gcc -std=gnu99 -o conftest -g -O2 -pthread   conftest.c  -levent >&5
/tmp/ccajebZd.o(.text+0x14): In function `main':
/home/songjian/code/libserver-2.0/conftest.c:67: undefined reference to `getpagesizes'
/tmp/ccajebZd.o(.data+0x0): undefined reference to `getpagesizes'
collect2: ld returned 1 exit status
configure:6346: $? = 1
configure: failed program was:
| /* confdefs.h.  */
| 
| #define PACKAGE_NAME "libserver"
| #define PACKAGE_TARNAME "libserver"
| #define PACKAGE_VERSION "1.5"
| #define PACKAGE_STRING "libserver 1.5"
| #define PACKAGE_BUGREPORT "kyosold@gmail.com"
| #define PACKAGE "libserver"
| #define VERSION "1.5"
| #define STDC_HEADERS 1
| #define HAVE_SYS_TYPES_H 1
| #define HAVE_SYS_STAT_H 1
| #define HAVE_STDLIB_H 1
| #define HAVE_STRING_H 1
| #define HAVE_MEMORY_H 1
| #define HAVE_STRINGS_H 1
| #define HAVE_INTTYPES_H 1
| #define HAVE_STDINT_H 1
| #define HAVE_UNISTD_H 1
| #define HAVE_SASL_SASL_H 1
| #define HAVE__BOOL 1
| #define HAVE_STDBOOL_H 1
| #define HAVE_INTTYPES_H 1
| #define ENDIAN_LITTLE 1
| #define HAVE_MLOCKALL 1
| /* end confdefs.h.  */
| /* Define getpagesizes to an innocuous variant, in case <limits.h> declares getpagesizes.
|    For example, HP-UX 11i <limits.h> declares gettimeofday.  */
| #define getpagesizes innocuous_getpagesizes
| 
| /* System header to define __stub macros and hopefully few prototypes,
|     which can conflict with char getpagesizes (); below.
|     Prefer <limits.h> to <assert.h> if __STDC__ is defined, since
|     <limits.h> exists even on freestanding compilers.  */
| 
| #ifdef __STDC__
| # include <limits.h>
| #else
| # include <assert.h>
| #endif
| 
| #undef getpagesizes
| 
| /* Override any gcc2 internal prototype to avoid an error.  */
| #ifdef __cplusplus
| extern "C"
| {
| #endif
| /* We use char because int might match the return type of a gcc2
|    builtin and then its argument prototype would still apply.  */
| char getpagesizes ();
| /* The GNU C library defines this for functions which it implements
|     to always fail with ENOSYS.  Some functions are actually named
|     something starting with __ and the normal name is an alias.  */
| #if defined (__stub_getpagesizes) || defined (__stub___getpagesizes)
| choke me
| #else
| char (*f) () = getpagesizes;
| #endif
| #ifdef __cplusplus
| }
| #endif
| 
| int
| main ()
| {
| return f != getpagesizes;
|   ;
|   return 0;
| }
configure:6371: result: no
configure:6385: checking for memcntl
configure:6442: gcc -std=gnu99 -o conftest -g -O2 -pthread   conftest.c  -levent >&5
/tmp/ccYm7mtn.o(.text+0x14): In function `main':
/home/songjian/code/libserver-2.0/conftest.c:67: undefined reference to `memcntl'
/tmp/ccYm7mtn.o(.data+0x0): undefined reference to `memcntl'
collect2: ld returned 1 exit status
configure:6448: $? = 1
configure: failed program was:
| /* confdefs.h.  */
| 
| #define PACKAGE_NAME "libserver"
| #define PACKAGE_TARNAME "libserver"
| #define PACKAGE_VERSION "1.5"
| #define PACKAGE_STRING "libserver 1.5"
| #define PACKAGE_BUGREPORT "kyosold@gmail.com"
| #define PACKAGE "libserver"
| #define VERSION "1.5"
| #define STDC_HEADERS 1
| #define HAVE_SYS_TYPES_H 1
| #define HAVE_SYS_STAT_H 1
| #define HAVE_STDLIB_H 1
| #define HAVE_STRING_H 1
| #define HAVE_MEMORY_H 1
| #define HAVE_STRINGS_H 1
| #define HAVE_INTTYPES_H 1
| #define HAVE_STDINT_H 1
| #define HAVE_UNISTD_H 1
| #define HAVE_SASL_SASL_H 1
| #define HAVE__BOOL 1
| #define HAVE_STDBOOL_H 1
| #define HAVE_INTTYPES_H 1
| #define ENDIAN_LITTLE 1
| #define HAVE_MLOCKALL 1
| /* end confdefs.h.  */
| /* Define memcntl to an innocuous variant, in case <limits.h> declares memcntl.
|    For example, HP-UX 11i <limits.h> declares gettimeofday.  */
| #define memcntl innocuous_memcntl
| 
| /* System header to define __stub macros and hopefully few prototypes,
|     which can conflict with char memcntl (); below.
|     Prefer <limits.h> to <assert.h> if __STDC__ is defined, since
|     <limits.h> exists even on freestanding compilers.  */
| 
| #ifdef __STDC__
| # include <limits.h>
| #else
| # include <assert.h>
| #endif
| 
| #undef memcntl
| 
| /* Override any gcc2 internal prototype to avoid an error.  */
| #ifdef __cplusplus
| extern "C"
| {
| #endif
| /* We use char because int might match the return type of a gcc2
|    builtin and then its argument prototype would still apply.  */
| char memcntl ();
| /* The GNU C library defines this for functions which it implements
|     to always fail with ENOSYS.  Some functions are actually named
|     something starting with __ and the normal name is an alias.  */
| #if defined (__stub_memcntl) || defined (__stub___memcntl)
| choke me
| #else
| char (*f) () = memcntl;
| #endif
| #ifdef __cplusplus
| }
| #endif
| 
| int
| main ()
| {
| return f != memcntl;
|   ;
|   return 0;
| }
configure:6473: result: no
configure:6487: checking for sigignore
configure:6544: gcc -std=gnu99 -o conftest -g -O2 -pthread   conftest.c  -levent >&5
configure:6550: $? = 0
configure:6554: test -z 
			 || test ! -s conftest.err
configure:6557: $? = 0
configure:6560: test -s conftest
configure:6563: $? = 0
configure:6575: result: yes
configure:6588: checking for alignment
configure:6632: gcc -std=gnu99 -o conftest -g -O2 -pthread   conftest.c  -levent >&5
conftest.c: In function `main':
conftest.c:45: warning: comparison between pointer and integer
configure:6635: $? = 0
configure:6637: ./conftest
configure:6640: $? = 1
configure: program exited with status 1
configure: failed program was:
| /* confdefs.h.  */
| 
| #define PACKAGE_NAME "libserver"
| #define PACKAGE_TARNAME "libserver"
| #define PACKAGE_VERSION "1.5"
| #define PACKAGE_STRING "libserver 1.5"
| #define PACKAGE_BUGREPORT "kyosold@gmail.com"
| #define PACKAGE "libserver"
| #define VERSION "1.5"
| #define STDC_HEADERS 1
| #define HAVE_SYS_TYPES_H 1
| #define HAVE_SYS_STAT_H 1
| #define HAVE_STDLIB_H 1
| #define HAVE_STRING_H 1
| #define HAVE_MEMORY_H 1
| #define HAVE_STRINGS_H 1
| #define HAVE_INTTYPES_H 1
| #define HAVE_STDINT_H 1
| #define HAVE_UNISTD_H 1
| #define HAVE_SASL_SASL_H 1
| #define HAVE__BOOL 1
| #define HAVE_STDBOOL_H 1
| #define HAVE_INTTYPES_H 1
| #define ENDIAN_LITTLE 1
| #define HAVE_MLOCKALL 1
| #define HAVE_SIGIGNORE 1
| /* end confdefs.h.  */
| 
| #include <stdlib.h>
| #include <inttypes.h>
| 
| int
| main ()
| {
| 
|        char *buf = malloc(32);
| 
|        uint64_t *ptr = (uint64_t*)(buf+2);
|        // catch sigbus, etc.
|        *ptr = 0x1;
| 
|        // catch unaligned word access (ARM cpus)
|        *buf =  1; *(buf +1) = 2; *(buf + 2) = 2; *(buf + 3) = 3; *(buf + 4) = 4;
|        int* i = (int*)(buf+1);
|        return (84148994 == i) ? 0 : 1;
| 
|   ;
|   return 0;
| }
| 
configure:6659: result: need
configure:6674: checking for setppriv
configure:6731: gcc -std=gnu99 -o conftest -g -O2 -pthread   conftest.c  -levent >&5
/tmp/ccocK1aP.o(.text+0x14): In function `main':
/home/songjian/code/libserver-2.0/conftest.c:69: undefined reference to `setppriv'
/tmp/ccocK1aP.o(.data+0x0): undefined reference to `setppriv'
collect2: ld returned 1 exit status
configure:6737: $? = 1
configure: failed program was:
| /* confdefs.h.  */
| 
| #define PACKAGE_NAME "libserver"
| #define PACKAGE_TARNAME "libserver"
| #define PACKAGE_VERSION "1.5"
| #define PACKAGE_STRING "libserver 1.5"
| #define PACKAGE_BUGREPORT "kyosold@gmail.com"
| #define PACKAGE "libserver"
| #define VERSION "1.5"
| #define STDC_HEADERS 1
| #define HAVE_SYS_TYPES_H 1
| #define HAVE_SYS_STAT_H 1
| #define HAVE_STDLIB_H 1
| #define HAVE_STRING_H 1
| #define HAVE_MEMORY_H 1
| #define HAVE_STRINGS_H 1
| #define HAVE_INTTYPES_H 1
| #define HAVE_STDINT_H 1
| #define HAVE_UNISTD_H 1
| #define HAVE_SASL_SASL_H 1
| #define HAVE__BOOL 1
| #define HAVE_STDBOOL_H 1
| #define HAVE_INTTYPES_H 1
| #define ENDIAN_LITTLE 1
| #define HAVE_MLOCKALL 1
| #define HAVE_SIGIGNORE 1
| #define NEED_ALIGN 1
| /* end confdefs.h.  */
| /* Define setppriv to an innocuous variant, in case <limits.h> declares setppriv.
|    For example, HP-UX 11i <limits.h> declares gettimeofday.  */
| #define setppriv innocuous_setppriv
| 
| /* System header to define __stub macros and hopefully few prototypes,
|     which can conflict with char setppriv (); below.
|     Prefer <limits.h> to <assert.h> if __STDC__ is defined, since
|     <limits.h> exists even on freestanding compilers.  */
| 
| #ifdef __STDC__
| # include <limits.h>
| #else
| # include <assert.h>
| #endif
| 
| #undef setppriv
| 
| /* Override any gcc2 internal prototype to avoid an error.  */
| #ifdef __cplusplus
| extern "C"
| {
| #endif
| /* We use char because int might match the return type of a gcc2
|    builtin and then its argument prototype would still apply.  */
| char setppriv ();
| /* The GNU C library defines this for functions which it implements
|     to always fail with ENOSYS.  Some functions are actually named
|     something starting with __ and the normal name is an alias.  */
| #if defined (__stub_setppriv) || defined (__stub___setppriv)
| choke me
| #else
| char (*f) () = setppriv;
| #endif
| #ifdef __cplusplus
| }
| #endif
| 
| int
| main ()
| {
| return f != setppriv;
|   ;
|   return 0;
| }
configure:6762: result: no
configure:6944: checking umem.h usability
configure:6956: gcc -std=gnu99 -c -g -O2 -pthread  conftest.c >&5
conftest.c:63:18: umem.h: No such file or directory
configure:6962: $? = 1
configure: failed program was:
| /* confdefs.h.  */
| 
| #define PACKAGE_NAME "libserver"
| #define PACKAGE_TARNAME "libserver"
| #define PACKAGE_VERSION "1.5"
| #define PACKAGE_STRING "libserver 1.5"
| #define PACKAGE_BUGREPORT "kyosold@gmail.com"
| #define PACKAGE "libserver"
| #define VERSION "1.5"
| #define STDC_HEADERS 1
| #define HAVE_SYS_TYPES_H 1
| #define HAVE_SYS_STAT_H 1
| #define HAVE_STDLIB_H 1
| #define HAVE_STRING_H 1
| #define HAVE_MEMORY_H 1
| #define HAVE_STRINGS_H 1
| #define HAVE_INTTYPES_H 1
| #define HAVE_STDINT_H 1
| #define HAVE_UNISTD_H 1
| #define HAVE_SASL_SASL_H 1
| #define HAVE__BOOL 1
| #define HAVE_STDBOOL_H 1
| #define HAVE_INTTYPES_H 1
| #define ENDIAN_LITTLE 1
| #define HAVE_MLOCKALL 1
| #define HAVE_SIGIGNORE 1
| #define NEED_ALIGN 1
| /* end confdefs.h.  */
| #include <stdio.h>
| #if HAVE_SYS_TYPES_H
| # include <sys/types.h>
| #endif
| #if HAVE_SYS_STAT_H
| # include <sys/stat.h>
| #endif
| #if STDC_HEADERS
| # include <stdlib.h>
| # include <stddef.h>
| #else
| # if HAVE_STDLIB_H
| #  include <stdlib.h>
| # endif
| #endif
| #if HAVE_STRING_H
| # if !STDC_HEADERS && HAVE_MEMORY_H
| #  include <memory.h>
| # endif
| # include <string.h>
| #endif
| #if HAVE_STRINGS_H
| # include <strings.h>
| #endif
| #if HAVE_INTTYPES_H
| # include <inttypes.h>
| #else
| # if HAVE_STDINT_H
| #  include <stdint.h>
| # endif
| #endif
| #if HAVE_UNISTD_H
| # include <unistd.h>
| #endif
| #include <umem.h>
configure:6985: result: no
configure:6989: checking umem.h presence
configure:6999: gcc -E  conftest.c
conftest.c:29:18: umem.h: No such file or directory
configure:7005: $? = 1
configure: failed program was:
| /* confdefs.h.  */
| 
| #define PACKAGE_NAME "libserver"
| #define PACKAGE_TARNAME "libserver"
| #define PACKAGE_VERSION "1.5"
| #define PACKAGE_STRING "libserver 1.5"
| #define PACKAGE_BUGREPORT "kyosold@gmail.com"
| #define PACKAGE "libserver"
| #define VERSION "1.5"
| #define STDC_HEADERS 1
| #define HAVE_SYS_TYPES_H 1
| #define HAVE_SYS_STAT_H 1
| #define HAVE_STDLIB_H 1
| #define HAVE_STRING_H 1
| #define HAVE_MEMORY_H 1
| #define HAVE_STRINGS_H 1
| #define HAVE_INTTYPES_H 1
| #define HAVE_STDINT_H 1
| #define HAVE_UNISTD_H 1
| #define HAVE_SASL_SASL_H 1
| #define HAVE__BOOL 1
| #define HAVE_STDBOOL_H 1
| #define HAVE_INTTYPES_H 1
| #define ENDIAN_LITTLE 1
| #define HAVE_MLOCKALL 1
| #define HAVE_SIGIGNORE 1
| #define NEED_ALIGN 1
| /* end confdefs.h.  */
| #include <umem.h>
configure:7025: result: no
configure:7060: checking for umem.h
configure:7067: result: no
configure:7105: checking for xml2rfc
configure:7136: result: no
configure:7145: checking for xsltproc
configure:7163: found /usr/bin/xsltproc
configure:7176: result: /usr/bin/xsltproc
configure:7376: creating ./config.status

## ---------------------- ##
## Running config.status. ##
## ---------------------- ##

This file was extended by libserver config.status 1.5, which was
generated by GNU Autoconf 2.59.  Invocation command line was

  CONFIG_FILES    = 
  CONFIG_HEADERS  = 
  CONFIG_LINKS    = 
  CONFIG_COMMANDS = 
  $ ./config.status 

on game.mysohu.com

config.status:722: creating Makefile
config.status:722: creating doc/Makefile
config.status:826: creating config.h
config.status:950: config.h is unchanged
config.status:1130: executing depfiles commands

## ---------------- ##
## Cache variables. ##
## ---------------- ##

ac_cv_build=i686-pc-linux-gnu
ac_cv_build_alias=i686-pc-linux-gnu
ac_cv_c_alignment=need
ac_cv_c_compiler_gnu=yes
ac_cv_c_const=yes
ac_cv_c_endian=little
ac_cv_c_socklen_t=yes
ac_cv_c_uint64_support=yes
ac_cv_env_CC_set=
ac_cv_env_CC_value=
ac_cv_env_CFLAGS_set=
ac_cv_env_CFLAGS_value=
ac_cv_env_CPPFLAGS_set=
ac_cv_env_CPPFLAGS_value=
ac_cv_env_CPP_set=
ac_cv_env_CPP_value=
ac_cv_env_LDFLAGS_set=
ac_cv_env_LDFLAGS_value=
ac_cv_env_build_alias_set=
ac_cv_env_build_alias_value=
ac_cv_env_host_alias_set=
ac_cv_env_host_alias_value=
ac_cv_env_target_alias_set=
ac_cv_env_target_alias_value=
ac_cv_exeext=
ac_cv_func_getpagesizes=no
ac_cv_func_memcntl=no
ac_cv_func_mlockall=yes
ac_cv_func_setppriv=no
ac_cv_func_sigignore=yes
ac_cv_header_inttypes_h=yes
ac_cv_header_memory_h=yes
ac_cv_header_sasl_sasl_h=yes
ac_cv_header_stdbool_h=yes
ac_cv_header_stdc=yes
ac_cv_header_stdint_h=yes
ac_cv_header_stdlib_h=yes
ac_cv_header_string_h=yes
ac_cv_header_strings_h=yes
ac_cv_header_sys_stat_h=yes
ac_cv_header_sys_types_h=yes
ac_cv_header_umem_h=no
ac_cv_header_unistd_h=yes
ac_cv_host=i686-pc-linux-gnu
ac_cv_host_alias=i686-pc-linux-gnu
ac_cv_lib_gcov_main=yes
ac_cv_libevent_dir='(system)'
ac_cv_objext=o
ac_cv_path_PROFILER=/usr/bin/gcov
ac_cv_path_XML2RFC=no
ac_cv_path_XSLTPROC=/usr/bin/xsltproc
ac_cv_path_install='/usr/bin/install -c'
ac_cv_prog_AWK=gawk
ac_cv_prog_CPP='gcc -E'
ac_cv_prog_ac_ct_CC=gcc
ac_cv_prog_cc_c99=-std=gnu99
ac_cv_prog_cc_g=yes
ac_cv_prog_cc_gcc_c_o=yes
ac_cv_prog_cc_stdc=
ac_cv_prog_egrep='grep -E'
ac_cv_prog_make_make_set=yes
ac_cv_search_gethostbyname='none required'
ac_cv_search_gethugepagesizes=no
ac_cv_search_pthread_create='none required'
ac_cv_search_socket='none required'
ac_cv_search_umem_cache_create=no
ac_cv_target=i686-pc-linux-gnu
ac_cv_target_alias=i686-pc-linux-gnu
ac_cv_type__Bool=yes
am_cv_CC_dependencies_compiler_type=gcc3

## ----------------- ##
## Output variables. ##
## ----------------- ##

ACLOCAL='${SHELL} /home/songjian/code/libserver-2.0/missing --run aclocal-1.9'
AMDEPBACKSLASH='\'
AMDEP_FALSE='#'
AMDEP_TRUE=''
AMTAR='${SHELL} /home/songjian/code/libserver-2.0/missing --run tar'
AUTOCONF='${SHELL} /home/songjian/code/libserver-2.0/missing --run autoconf'
AUTOHEADER='${SHELL} /home/songjian/code/libserver-2.0/missing --run autoheader'
AUTOMAKE='${SHELL} /home/songjian/code/libserver-2.0/missing --run automake-1.9'
AWK='gawk'
BUILD_CACHE_FALSE='#'
BUILD_CACHE_TRUE=''
BUILD_DTRACE_FALSE=''
BUILD_DTRACE_TRUE='#'
BUILD_SOLARIS_PRIVS_FALSE=''
BUILD_SOLARIS_PRIVS_TRUE='#'
BUILD_SPECIFICATIONS_FALSE=''
BUILD_SPECIFICATIONS_TRUE='#'
CC='gcc -std=gnu99'
CCDEPMODE='depmode=gcc3'
CFLAGS='-g -O2 -pthread -Wall -Werror -pedantic -Wmissing-prototypes -Wmissing-declarations -Wredundant-decls'
CPP='gcc -E'
CPPFLAGS=''
CYGPATH_W='echo'
DEFS='-DHAVE_CONFIG_H'
DEPDIR='.deps'
DTRACE=''
DTRACEFLAGS=''
DTRACE_INSTRUMENT_OBJ_FALSE=''
DTRACE_INSTRUMENT_OBJ_TRUE='#'
ECHO_C=''
ECHO_N='-n'
ECHO_T=''
EGREP='grep -E'
ENABLE_SASL=''
ENABLE_SASL_FALSE=''
ENABLE_SASL_TRUE='#'
EXEEXT=''
INSTALL_DATA='${INSTALL} -m 644'
INSTALL_PROGRAM='${INSTALL}'
INSTALL_SCRIPT='${INSTALL}'
INSTALL_STRIP_PROGRAM='${SHELL} $(install_sh) -c -s'
LDFLAGS=''
LIBOBJS=''
LIBS=' -levent'
LTLIBOBJS=''
MAKEINFO='${SHELL} /home/songjian/code/libserver-2.0/missing --run makeinfo'
OBJEXT='o'
PACKAGE='libserver'
PACKAGE_BUGREPORT='kyosold@gmail.com'
PACKAGE_NAME='libserver'
PACKAGE_STRING='libserver 1.5'
PACKAGE_TARNAME='libserver'
PACKAGE_VERSION='1.5'
PATH_SEPARATOR=':'
PROFILER='/usr/bin/gcov'
PROFILER_FLAGS='-fprofile-arcs -ftest-coverage'
PROFILER_LDFLAGS='-lgcov'
SET_MAKE=''
SHELL='/bin/sh'
STRIP=''
VERSION='1.5'
XML2RFC='no'
XSLTPROC='/usr/bin/xsltproc'
ac_ct_CC='gcc'
ac_ct_STRIP=''
am__fastdepCC_FALSE='#'
am__fastdepCC_TRUE=''
am__include='include'
am__leading_dot='.'
am__quote=''
am__tar='${AMTAR} chof - "$$tardir"'
am__untar='${AMTAR} xf -'
bindir='${exec_prefix}/bin'
build='i686-pc-linux-gnu'
build_alias=''
build_cpu='i686'
build_os='linux-gnu'
build_vendor='pc'
datadir='${prefix}/share'
exec_prefix='${prefix}'
host='i686-pc-linux-gnu'
host_alias=''
host_cpu='i686'
host_os='linux-gnu'
host_vendor='pc'
includedir='${prefix}/include'
infodir='${prefix}/info'
install_sh='/home/songjian/code/libserver-2.0/install-sh'
libdir='${exec_prefix}/lib'
libexecdir='${exec_prefix}/libexec'
localstatedir='${prefix}/var'
mandir='${prefix}/man'
mkdir_p='mkdir -p --'
oldincludedir='/usr/include'
prefix='/usr/local'
program_transform_name='s,x,x,'
sbindir='${exec_prefix}/sbin'
sharedstatedir='${prefix}/com'
sysconfdir='${prefix}/etc'
target='i686-pc-linux-gnu'
target_alias=''
target_cpu='i686'
target_os='linux-gnu'
target_vendor='pc'

## ----------- ##
## confdefs.h. ##
## ----------- ##

#define ENDIAN_LITTLE 1
#define HAVE_INTTYPES_H 1
#define HAVE_INTTYPES_H 1
#define HAVE_MEMORY_H 1
#define HAVE_MLOCKALL 1
#define HAVE_SASL_SASL_H 1
#define HAVE_SIGIGNORE 1
#define HAVE_STDBOOL_H 1
#define HAVE_STDINT_H 1
#define HAVE_STDLIB_H 1
#define HAVE_STRINGS_H 1
#define HAVE_STRING_H 1
#define HAVE_SYS_STAT_H 1
#define HAVE_SYS_TYPES_H 1
#define HAVE_UNISTD_H 1
#define HAVE__BOOL 1
#define NEED_ALIGN 1
#define PACKAGE "libserver"
#define PACKAGE_BUGREPORT "kyosold@gmail.com"
#define PACKAGE_NAME "libserver"
#define PACKAGE_STRING "libserver 1.5"
#define PACKAGE_TARNAME "libserver"
#define PACKAGE_VERSION "1.5"
#define STDC_HEADERS 1
#define VERSION "1.5"
#define _GNU_SOURCE 1

configure: exit 0
